  Main_Grua33.cpp
C:\Users\Diego\Desktop\ETSE\2 curso\cuatri 2\Computación Gráfica\Practicas\Practica 6\Grua3.3\Main_Grua33.cpp(3,10): warning C4067: símbolos (token) inesperados después de la directiva del preprocesador; se esperaba una nueva línea
C:\Users\Diego\Desktop\ETSE\2 curso\cuatri 2\Computación Gráfica\Practicas\Practica 6\Grua3.3\Main_Grua33.cpp(62,78): warning C4305: 'inicializando': truncamiento de 'double' a 'float'
C:\Users\Diego\Desktop\ETSE\2 curso\cuatri 2\Computación Gráfica\Practicas\Practica 6\Grua3.3\Main_Grua33.cpp(63,78): warning C4305: 'inicializando': truncamiento de 'double' a 'float'
C:\Users\Diego\Desktop\ETSE\2 curso\cuatri 2\Computación Gráfica\Practicas\Practica 6\Grua3.3\Main_Grua33.cpp(64,78): warning C4305: 'inicializando': truncamiento de 'double' a 'float'
C:\Users\Diego\Desktop\ETSE\2 curso\cuatri 2\Computación Gráfica\Practicas\Practica 6\Grua3.3\Main_Grua33.cpp(65,78): warning C4305: 'inicializando': truncamiento de 'double' a 'float'
C:\Users\Diego\Desktop\ETSE\2 curso\cuatri 2\Computación Gráfica\Practicas\Practica 6\Grua3.3\Main_Grua33.cpp(66,78): warning C4305: 'inicializando': truncamiento de 'double' a 'float'
C:\Users\Diego\Desktop\ETSE\2 curso\cuatri 2\Computación Gráfica\Practicas\Practica 6\Grua3.3\Main_Grua33.cpp(67,78): warning C4305: 'inicializando': truncamiento de 'double' a 'float'
C:\Users\Diego\Desktop\ETSE\2 curso\cuatri 2\Computación Gráfica\Practicas\Practica 6\Grua3.3\Main_Grua33.cpp(102,117): warning C4244: 'argumento': conversión de 'double' a 'GLfloat'; posible pérdida de datos
C:\Users\Diego\Desktop\ETSE\2 curso\cuatri 2\Computación Gráfica\Practicas\Practica 6\Grua3.3\Main_Grua33.cpp(102,74): warning C4244: 'argumento': conversión de 'double' a 'GLfloat'; posible pérdida de datos
C:\Users\Diego\Desktop\ETSE\2 curso\cuatri 2\Computación Gráfica\Practicas\Practica 6\Grua3.3\Main_Grua33.cpp(102,31): warning C4244: 'argumento': conversión de 'double' a 'GLfloat'; posible pérdida de datos
C:\Users\Diego\Desktop\ETSE\2 curso\cuatri 2\Computación Gráfica\Practicas\Practica 6\Grua3.3\Main_Grua33.cpp(123,117): warning C4244: 'argumento': conversión de 'double' a 'GLfloat'; posible pérdida de datos
C:\Users\Diego\Desktop\ETSE\2 curso\cuatri 2\Computación Gráfica\Practicas\Practica 6\Grua3.3\Main_Grua33.cpp(123,74): warning C4244: 'argumento': conversión de 'double' a 'GLfloat'; posible pérdida de datos
C:\Users\Diego\Desktop\ETSE\2 curso\cuatri 2\Computación Gráfica\Practicas\Practica 6\Grua3.3\Main_Grua33.cpp(123,31): warning C4244: 'argumento': conversión de 'double' a 'GLfloat'; posible pérdida de datos
C:\Users\Diego\Desktop\ETSE\2 curso\cuatri 2\Computación Gráfica\Practicas\Practica 6\Grua3.3\Main_Grua33.cpp(729,60): warning C4244: '+=': conversión de 'double' a 'float'; posible pérdida de datos
C:\Users\Diego\Desktop\ETSE\2 curso\cuatri 2\Computación Gráfica\Practicas\Practica 6\Grua3.3\Main_Grua33.cpp(730,60): warning C4244: '+=': conversión de 'double' a 'float'; posible pérdida de datos
C:\Users\Diego\Desktop\ETSE\2 curso\cuatri 2\Computación Gráfica\Practicas\Practica 6\Grua3.3\Main_Grua33.cpp(768,23): warning C4244: 'inicializando': conversión de 'GLint' a 'float'; posible pérdida de datos
C:\Users\Diego\Desktop\ETSE\2 curso\cuatri 2\Computación Gráfica\Practicas\Practica 6\Grua3.3\Main_Grua33.cpp(769,15): warning C4244: 'argumento': conversión de 'float' a 'GLint'; posible pérdida de datos
C:\Users\Diego\Desktop\ETSE\2 curso\cuatri 2\Computación Gráfica\Practicas\Practica 6\Grua3.3\Main_Grua33.cpp(840,21): warning C4305: '+=': truncamiento de 'double' a 'float'
C:\Users\Diego\Desktop\ETSE\2 curso\cuatri 2\Computación Gráfica\Practicas\Practica 6\Grua3.3\Main_Grua33.cpp(843,21): warning C4305: '-=': truncamiento de 'double' a 'float'
LINK : warning LNK4098: la biblioteca predeterminada'MSVCRT' entra en conflicto con otras bibliotecas; use la biblioteca /NODEFAULTLIB:biblioteca
  Grua3.3.vcxproj -> C:\Users\Diego\Desktop\ETSE\2 curso\cuatri 2\Computación Gráfica\Practicas\Practica 6\Grua3.3\Debug\Grua3.3.exe
